nohup: ignoring input
2019-04-17 18:19:57.912324: I tensorflow/core/platform/cpu_feature_guard.cc:141] Your CPU supports instructions that this TensorFlow binary was not compiled to use: AVX2 AVX512F FMA
2019-04-17 18:19:57.941398: I tensorflow/core/platform/profile_utils/cpu_utils.cc:94] CPU Frequency: 2194830000 Hz
2019-04-17 18:19:57.944644: I tensorflow/compiler/xla/service/service.cc:150] XLA service 0x3e2c280 executing computations on platform Host. Devices:
2019-04-17 18:19:57.944681: I tensorflow/compiler/xla/service/service.cc:158]   StreamExecutor device (0): <undefined>, <undefined>
2019-04-17 18:19:57.947492: I tensorflow/core/distributed_runtime/rpc/grpc_channel.cc:252] Initialize GrpcChannelCache for job ps -> {0 -> node0:2222}
2019-04-17 18:19:57.947517: I tensorflow/core/distributed_runtime/rpc/grpc_channel.cc:252] Initialize GrpcChannelCache for job worker -> {0 -> node0:2223, 1 -> localhost:2222, 2 -> node2:2222}
2019-04-17 18:19:57.952077: I tensorflow/core/distributed_runtime/rpc/grpc_server_lib.cc:391] Started server with target: grpc://localhost:2222
WARNING:tensorflow:From /usr/local/lib/python2.7/dist-packages/tensorflow/python/framework/op_def_library.py:263: colocate_with (from tensorflow.python.framework.ops) is deprecated and will be removed in a future version.
Instructions for updating:
Colocations handled automatically by placer.
WARNING:tensorflow:From part2.py:66: read_data_sets (from tensorflow.contrib.learn.python.learn.datasets.mnist) is deprecated and will be removed in a future version.
Instructions for updating:
Please use alternatives such as official/mnist/dataset.py from tensorflow/models.
WARNING:tensorflow:From /usr/local/lib/python2.7/dist-packages/tensorflow/contrib/learn/python/learn/datasets/mnist.py:260: maybe_download (from tensorflow.contrib.learn.python.learn.datasets.base) is deprecated and will be removed in a future version.
Instructions for updating:
Please write your own downloading logic.
WARNING:tensorflow:From /usr/local/lib/python2.7/dist-packages/tensorflow/contrib/learn/python/learn/datasets/mnist.py:262: extract_images (from tensorflow.contrib.learn.python.learn.datasets.mnist) is deprecated and will be removed in a future version.
Instructions for updating:
Please use tf.data to implement this functionality.
WARNING:tensorflow:From /usr/local/lib/python2.7/dist-packages/tensorflow/contrib/learn/python/learn/datasets/mnist.py:267: extract_labels (from tensorflow.contrib.learn.python.learn.datasets.mnist) is deprecated and will be removed in a future version.
Instructions for updating:
Please use tf.data to implement this functionality.
WARNING:tensorflow:From /usr/local/lib/python2.7/dist-packages/tensorflow/contrib/learn/python/learn/datasets/mnist.py:110: dense_to_one_hot (from tensorflow.contrib.learn.python.learn.datasets.mnist) is deprecated and will be removed in a future version.
Instructions for updating:
Please use tf.one_hot on tensors.
WARNING:tensorflow:From /usr/local/lib/python2.7/dist-packages/tensorflow/contrib/learn/python/learn/datasets/mnist.py:290: __init__ (from tensorflow.contrib.learn.python.learn.datasets.mnist) is deprecated and will be removed in a future version.
Instructions for updating:
Please use alternatives such as official/mnist/dataset.py from tensorflow/models.
WARNING:tensorflow:From /usr/local/lib/python2.7/dist-packages/tensorflow/python/ops/math_ops.py:3066: to_int32 (from tensorflow.python.ops.math_ops) is deprecated and will be removed in a future version.
Instructions for updating:
Use tf.cast instead.
WARNING:tensorflow:From part2.py:102: __init__ (from tensorflow.python.training.supervisor) is deprecated and will be removed in a future version.
Instructions for updating:
Please switch to tf.train.MonitoredTrainingSession
INFO:tensorflow:Running local_init_op.
2019-04-17 18:19:59.171532: I tensorflow/core/distributed_runtime/master_session.cc:1192] Start master session 90aa90352c83530d with config: 
INFO:tensorflow:Done running local_init_op.
INFO:tensorflow:Waiting for model to be ready.  Ready_for_local_init_op:  None, ready: Variables not initialized: global_step, Variable, Variable_1
INFO:tensorflow:Running local_init_op.
2019-04-17 18:20:29.234012: E tensorflow/core/distributed_runtime/master.cc:315] CreateSession failed because worker /job:worker/replica:0/task:0 returned error: Unavailable: OS Error
2019-04-17 18:20:31.233775: E tensorflow/core/distributed_runtime/master.cc:315] CreateSession failed because worker /job:worker/replica:0/task:2 returned error: Unavailable: OS Error
Extracting /tmp/data/train-images-idx3-ubyte.gz
Extracting /tmp/data/train-labels-idx1-ubyte.gz
Extracting /tmp/data/t10k-images-idx3-ubyte.gz
Extracting /tmp/data/t10k-labels-idx1-ubyte.gz
Traceback (most recent call last):
  File "part2.py", line 104, in <module>
    sess = sv.prepare_or_wait_for_session(server.target)
  File "/usr/local/lib/python2.7/dist-packages/tensorflow/python/training/supervisor.py", line 738, in prepare_or_wait_for_session
    max_wait_secs=max_wait_secs)
  File "/usr/local/lib/python2.7/dist-packages/tensorflow/python/training/session_manager.py", line 408, in wait_for_session
    sess)
  File "/usr/local/lib/python2.7/dist-packages/tensorflow/python/training/session_manager.py", line 492, in _try_run_local_init_op
    sess.run(self._local_init_op, options=self._local_init_run_options)
  File "/usr/local/lib/python2.7/dist-packages/tensorflow/python/client/session.py", line 929, in run
    run_metadata_ptr)
  File "/usr/local/lib/python2.7/dist-packages/tensorflow/python/client/session.py", line 1152, in _run
    feed_dict_tensor, options, run_metadata)
  File "/usr/local/lib/python2.7/dist-packages/tensorflow/python/client/session.py", line 1328, in _do_run
    run_metadata)
  File "/usr/local/lib/python2.7/dist-packages/tensorflow/python/client/session.py", line 1348, in _do_call
    raise type(e)(node_def, op, message)
tensorflow.python.framework.errors_impl.UnavailableError: OS Error
